<?xml version="1.0" encoding="UTF-8"?>
<robot generator="Robot 7.2.2 (Python 3.13.3 on win32)" generated="2025-07-12T17:45:23.413822" rpa="false" schemaversion="5">
<suite id="s1" name="Capture-Api" source="D:\Automation-Testing\Robot-Framework\PandaPay-v2\tests\api\authentication\capture-api.robot">
<kw name="Basic Setup" owner="common_keywords" type="SETUP">
<kw name="Evaluate" owner="BuiltIn">
<msg time="2025-07-12T17:45:24.995182" level="INFO">${options} = &lt;selenium.webdriver.chrome.options.Options object at 0x0000021361066510&gt;</msg>
<var>${options}</var>
<arg>sys.modules['selenium.webdriver'].ChromeOptions()</arg>
<arg>sys</arg>
<doc>Evaluates the given expression in Python and returns the result.</doc>
<status status="PASS" start="2025-07-12T17:45:24.994512" elapsed="0.000761"/>
</kw>
<kw name="Create Dictionary" owner="BuiltIn">
<msg time="2025-07-12T17:45:24.996193" level="INFO">${logging_prefs} = {'performance': 'ALL'}</msg>
<var>${logging_prefs}</var>
<arg>performance=ALL</arg>
<doc>Creates and returns a dictionary based on the given ``items``.</doc>
<status status="PASS" start="2025-07-12T17:45:24.995621" elapsed="0.000648"/>
</kw>
<kw name="Call Method" owner="BuiltIn">
<arg>${options}</arg>
<arg>set_capability</arg>
<arg>goog:loggingPrefs</arg>
<arg>${logging_prefs}</arg>
<doc>Calls the named method of the given object with the provided arguments.</doc>
<status status="PASS" start="2025-07-12T17:45:24.996530" elapsed="0.000346"/>
</kw>
<kw name="Open Browser" owner="SeleniumLibrary">
<msg time="2025-07-12T17:45:24.997741" level="INFO">Opening browser 'chrome' to base url 'https://app.panda.ennam.vn'.</msg>
<arg>${DEV_URL}</arg>
<arg>${BROWSER}</arg>
<arg>options=${options}</arg>
<doc>Opens a new browser instance to the optional ``url``.</doc>
<status status="PASS" start="2025-07-12T17:45:24.997197" elapsed="3.417745"/>
</kw>
<status status="PASS" start="2025-07-12T17:45:24.992665" elapsed="3.422705"/>
</kw>
<test id="s1-t1" name="Verify the Owner sign in successfully when input correct account" line="8">
<kw name="Get Library Instance" owner="BuiltIn">
<msg time="2025-07-12T17:45:28.429539" level="INFO">${driver} = &lt;SeleniumLibrary.SeleniumLibrary object at 0x0000021360D53770&gt;</msg>
<var>${driver}</var>
<arg>SeleniumLibrary</arg>
<doc>Returns the currently active instance of the specified library.</doc>
<status status="PASS" start="2025-07-12T17:45:28.428711" elapsed="0.000955"/>
</kw>
<kw name="Given user is on the sign in page" owner="sign-in-gherkin-keyword">
<kw name="Wait Until Page Contains Element" owner="SeleniumLibrary">
<arg>${USERID_FIELD}</arg>
<doc>Waits until the element ``locator`` appears on the current page.</doc>
<status status="PASS" start="2025-07-12T17:45:28.435659" elapsed="1.219756"/>
</kw>
<kw name="Wait Until Page Contains Element" owner="SeleniumLibrary">
<arg>${PASSWORD_FIELD}</arg>
<doc>Waits until the element ``locator`` appears on the current page.</doc>
<status status="PASS" start="2025-07-12T17:45:29.656095" elapsed="0.044445"/>
</kw>
<status status="PASS" start="2025-07-12T17:45:28.434566" elapsed="1.266680"/>
</kw>
<kw name="When user enters Owner User ID" owner="sign-in-gherkin-keyword">
<kw name="Input Text" owner="SeleniumLibrary">
<msg time="2025-07-12T17:45:29.711827" level="INFO">Typing text 'annstore' into text field 'xpath=//*[@id="user_code"]'.</msg>
<arg>${USERID_FIELD}</arg>
<arg>${OWNER_USER_ID}</arg>
<doc>Types the given ``text`` into the text field identified by ``locator``.</doc>
<status status="PASS" start="2025-07-12T17:45:29.710866" elapsed="0.537763"/>
</kw>
<status status="PASS" start="2025-07-12T17:45:29.709579" elapsed="0.539409"/>
</kw>
<kw name="And user enters Owner password" owner="sign-in-gherkin-keyword">
<kw name="Input Text" owner="SeleniumLibrary">
<msg time="2025-07-12T17:45:30.252094" level="INFO">Typing text 'Dev1234!@#' into text field 'xpath=//*[@id="password"]'.</msg>
<arg>${PASSWORD_FIELD}</arg>
<arg>${OWNER_PASSWORD}</arg>
<doc>Types the given ``text`` into the text field identified by ``locator``.</doc>
<status status="PASS" start="2025-07-12T17:45:30.251333" elapsed="0.362287"/>
</kw>
<status status="PASS" start="2025-07-12T17:45:30.250358" elapsed="0.363649"/>
</kw>
<kw name="And user clicks Sign In button" owner="sign-in-gherkin-keyword">
<kw name="Click Element" owner="SeleniumLibrary">
<msg time="2025-07-12T17:45:30.618037" level="INFO">Clicking element 'xpath=/html/body/div[1]/div/div/div/div[2]/div/div/form/button'.</msg>
<arg>${SIGNIN_BUTTON}</arg>
<doc>Click the element identified by ``locator``.</doc>
<status status="PASS" start="2025-07-12T17:45:30.617355" elapsed="0.253142"/>
</kw>
<status status="PASS" start="2025-07-12T17:45:30.616308" elapsed="0.254544"/>
</kw>
<kw name="Start Network Interception" owner="bikipluyenrong">
<msg time="2025-07-12T17:45:30.883022" level="INFO">Network tracking enabled</msg>
<msg time="2025-07-12T17:45:30.884723" level="INFO">Successfully started network monitoring</msg>
<arg>${driver.driver}</arg>
<doc>Start intercepting network requests using CDP.</doc>
<status status="PASS" start="2025-07-12T17:45:30.871600" elapsed="0.013370"/>
</kw>
<kw name="Clear Intercepted Requests" owner="bikipluyenrong">
<msg time="2025-07-12T17:45:30.916337" level="INFO">Cleared all intercepted requests</msg>
<arg>${driver.driver}</arg>
<doc>Clear all intercepted requests</doc>
<status status="PASS" start="2025-07-12T17:45:30.885934" elapsed="0.030695"/>
</kw>
<kw name="Wait For Request" owner="bikipluyenrong">
<msg time="2025-07-12T17:45:35.048454" level="INFO">Found 1 matching requests</msg>
<msg time="2025-07-12T17:45:35.048808" level="INFO">${profile_request} = {'url': 'https://api.panda.ennam.vn/api/user/me/profile/', 'method': 'GET', 'headers': {'Accept': 'application/json, text/plain, */*', 'Authorization': 'Bearer eyJhbGciOiJIUzI1NiIsInR5cCI6IkpXVCJ9.eyJ...</msg>
<var>${profile_request}</var>
<arg>${driver.driver}</arg>
<arg>${PROFILE_ENDPOINT}</arg>
<arg>GET</arg>
<arg>10</arg>
<doc>Wait for a specific request to be intercepted.</doc>
<status status="PASS" start="2025-07-12T17:45:30.920307" elapsed="4.128574"/>
</kw>
<kw name="Stop Network Interception" owner="bikipluyenrong">
<msg time="2025-07-12T17:45:36.109658" level="INFO">Cleared all intercepted requests</msg>
<msg time="2025-07-12T17:45:36.109852" level="INFO">Network interception stopped</msg>
<arg>${driver.driver}</arg>
<doc>Stop network interception and cleanup</doc>
<status status="PASS" start="2025-07-12T17:45:35.049542" elapsed="1.067305"/>
</kw>
<status status="PASS" start="2025-07-12T17:45:28.415716" elapsed="7.702027"/>
</test>
<kw name="Close PandaPay" owner="common_keywords" type="TEARDOWN">
<kw name="Close All Browsers" owner="SeleniumLibrary">
<doc>Closes all open browsers and resets the browser cache.</doc>
<status status="PASS" start="2025-07-12T17:45:36.119988" elapsed="2.527565"/>
</kw>
<status status="PASS" start="2025-07-12T17:45:36.119503" elapsed="2.528316"/>
</kw>
<status status="PASS" start="2025-07-12T17:45:23.416890" elapsed="15.231035"/>
</suite>
<statistics>
<total>
<stat pass="1" fail="0" skip="0">All Tests</stat>
</total>
<tag>
</tag>
<suite>
<stat name="Capture-Api" id="s1" pass="1" fail="0" skip="0">Capture-Api</stat>
</suite>
</statistics>
<errors>
</errors>
</robot>
